<?xml version="1.0" encoding="UTF-8"?>
<!-- Generated by org.testng.reporters.JUnitXMLReporter -->
<testsuite hostname="DESKTOP-S7NHIMS" ignored="0" name="Test Maven Testing" tests="16" failures="0" timestamp="01 Sep 2018 17:54:52 GMT" time="0.086" errors="0">
  <testcase name="div" time="0.014" classname="com.qa.tests.DemoTest"/>
  <testcase name="mul" time="0.0" classname="com.qa.tests.DemoTest"/>
  <testcase name="sub" time="0.0" classname="com.qa.tests.DemoTest"/>
  <testcase name="sum" time="0.0" classname="com.qa.tests.DemoTest"/>
  <testcase name="div" time="0.001" classname="com.qa.tests.DemoTest1"/>
  <testcase name="mul" time="0.0" classname="com.qa.tests.DemoTest1"/>
  <testcase name="sub" time="0.001" classname="com.qa.tests.DemoTest1"/>
  <testcase name="sum" time="0.001" classname="com.qa.tests.DemoTest1"/>
  <testcase name="div" time="0.0" classname="com.qa.tests.DemoTest2"/>
  <testcase name="mul" time="0.0" classname="com.qa.tests.DemoTest2"/>
  <testcase name="sub" time="0.002" classname="com.qa.tests.DemoTest2"/>
  <testcase name="sum" time="0.001" classname="com.qa.tests.DemoTest2"/>
  <testcase name="div" time="0.001" classname="com.qa.tests.DemoTest3"/>
  <testcase name="mul" time="0.001" classname="com.qa.tests.DemoTest3"/>
  <testcase name="sub" time="0.0" classname="com.qa.tests.DemoTest3"/>
  <testcase name="sum" time="0.001" classname="com.qa.tests.DemoTest3"/>
</testsuite> <!-- Test Maven Testing -->
