<?xml version="1.0" encoding="UTF-8"?>
<testsuite xmlns:xsi="http://www.w3.org/2001/XMLSchema-instance" xsi:noNamespaceSchemaLocation="https://maven.apache.org/surefire/maven-surefire-plugin/xsd/surefire-test-report.xsd" name="TestSuite" time="1.505" tests="16" errors="0" skipped="0" failures="0">
  <properties>
[...]
</properties>
  <testcase name="div" classname="com.qa.tests.DemoTest" time="0.015"/>
  <testcase name="mul" classname="com.qa.tests.DemoTest" time="0.001"/>
  <testcase name="sub" classname="com.qa.tests.DemoTest" time="0.001"/>
  <testcase name="sum" classname="com.qa.tests.DemoTest" time="0.001"/>
  <testcase name="div" classname="com.qa.tests.DemoTest1" time="0.001"/>
  <testcase name="mul" classname="com.qa.tests.DemoTest1" time="0.002"/>
  <testcase name="sub" classname="com.qa.tests.DemoTest1" time="0.008"/>
  <testcase name="sum" classname="com.qa.tests.DemoTest1" time="0"/>
  <testcase name="div" classname="com.qa.tests.DemoTest2" time="0.004"/>
  <testcase name="mul" classname="com.qa.tests.DemoTest2" time="0.005"/>
  <testcase name="sub" classname="com.qa.tests.DemoTest2" time="0.001"/>
  <testcase name="sum" classname="com.qa.tests.DemoTest2" time="0.004"/>
  <testcase name="div" classname="com.qa.tests.DemoTest3" time="0.001"/>
  <testcase name="mul" classname="com.qa.tests.DemoTest3" time="0.001"/>
  <testcase name="sub" classname="com.qa.tests.DemoTest3" time="0"/>
  <testcase name="sum" classname="com.qa.tests.DemoTest3" time="0.001"/>
</testsuite>